<?xml version="1.0" encoding="UTF-8"?>
<testng-results ignored="0" total="1" passed="1" failed="0" skipped="0">
  <reporter-output>
    <line>
      <![CDATA[testclassexecution---> Execution starts]]>
    </line>
    <line>
      <![CDATA[testclassexecution-->TestScript executed succesfully]]>
    </line>
  </reporter-output>
  <suite started-at="2026-04-27T16:39:02 IST" name="Default suite" finished-at="2026-04-27T16:41:43 IST" duration-ms="161620">
    <groups>
    </groups>
    <test started-at="2026-04-27T16:39:02 IST" name="Default test" finished-at="2026-04-27T16:41:43 IST" duration-ms="161620">
      <class name="com.Sandbox.sampleaws">
        <test-method is-config="true" signature="LaunchBrowse()[pri:0, instance:com.Sandbox.sampleaws@7a35b0f5]" started-at="2026-04-27T16:39:02 IST" name="LaunchBrowse" finished-at="2026-04-27T16:39:12 IST" duration-ms="9645" status="PASS">
          <reporter-output>
          </reporter-output>
        </test-method> <!-- LaunchBrowse -->
        <test-method signature="testclassexecution()[pri:0, instance:com.Sandbox.sampleaws@7a35b0f5]" started-at="2026-04-27T16:39:12 IST" name="testclassexecution" finished-at="2026-04-27T16:41:43 IST" duration-ms="151707" status="PASS">
          <reporter-output>
            <line>
              <![CDATA[testclassexecution---> Execution starts]]>
            </line>
            <line>
              <![CDATA[testclassexecution-->TestScript executed succesfully]]>
            </line>
          </reporter-output>
        </test-method> <!-- testclassexecution -->
      </class> <!-- com.Sandbox.sampleaws -->
    </test> <!-- Default test -->
  </suite> <!-- Default suite -->
</testng-results>
