<?xml version="1.0" encoding="UTF-8"?>
<!-- Generated by org.testng.reporters.JUnitReportReporter -->
<testsuite hostname="MacBook-Pro.local" failures="0" tests="1" name="com.Sandbox.sampleaws" time="161.352" errors="0" timestamp="2026-04-27T16:41:44 IST" skipped="0">
  <testcase classname="com.Sandbox.sampleaws" name="testclassexecution" time="161.352"/>
  <system-out>
    <![CDATA[testclassexecution---> Execution starts
testclassexecution-->TestScript executed succesfully]]>
  </system-out>
</testsuite> <!-- com.Sandbox.sampleaws -->
